[2014-06-22 22:34:54.9978]  [127.0.0.1] GET /
in C:\wamp\wamp\www\dealsmachine\lib\class.mysql.php on line 720
User Notice[1024]：localhost, root, [b]0.000195[/b]
 1. SELECT `content`,is_compress FROM eload_memcache WHERE mid=1622213838[b](0.000195)[/b]

$@!#
[2014-06-22 22:41:05.8810]  [127.0.0.1] GET /
in C:\wamp\wamp\www\dealsmachine\lib\class.mysql.php on line 720
User Notice[1024]：localhost, root, [b]0.001154[/b]
 1. SELECT `content`,is_compress FROM eload_memcache WHERE mid=1622213838[b](0.001154)[/b]

$@!#
[2014-06-22 22:45:14.8611]  [127.0.0.1] GET /
in C:\wamp\wamp\www\dealsmachine\lib\class.mysql.php on line 720
User Notice[1024]：localhost, root, [b]0.000824[/b]
 1. SELECT `content`,is_compress FROM eload_memcache WHERE mid=1622213838[b](0.000824)[/b]

$@!#
[2014-06-22 22:45:20.4541]  [127.0.0.1] GET /
in C:\wamp\wamp\www\dealsmachine\lib\class.mysql.php on line 720
User Notice[1024]：localhost, root, [b]0.000658[/b]
 1. SELECT `content`,is_compress FROM eload_memcache WHERE mid=1622213838[b](0.000658)[/b]

$@!#
[2014-06-22 23:04:51.1920]  [127.0.0.1] GET /
in C:\wamp\wamp\www\dealsmachine\lib\class.mysql.php on line 720
User Notice[1024]：localhost, root, [b]0.000482[/b]
 1. SELECT `content`,is_compress FROM eload_memcache WHERE mid=1622213838[b](0.000482)[/b]

$@!#
