[2014-06-24 20:37:21.8164]  [127.0.0.1] GET /
in C:\wamp\wamp\www\dealsmachine\lib\inc.fun.php on line 2562
User Notice[1024]：[b]1403613441.8161[/b]
开始内存: [b]477.41 KB[/b]
结束内存: [b]2.62 MB[/b]
使用内存: [b]2.16 MB[/b]
内存峰值: [b]2.67 MB[/b]

$@!#
[2014-06-24 20:37:31.6619]  [127.0.0.1] GET /
in C:\wamp\wamp\www\dealsmachine\lib\inc.fun.php on line 2562
User Notice[1024]：[b]1403613451.6617[/b]
开始内存: [b]478.19 KB[/b]
结束内存: [b]2.63 MB[/b]
使用内存: [b]2.16 MB[/b]
内存峰值: [b]2.67 MB[/b]

$@!#
[2014-06-24 20:37:32.7170]  [127.0.0.1] GET /
in C:\wamp\wamp\www\dealsmachine\lib\inc.fun.php on line 2562
User Notice[1024]：[b]1403613452.7168[/b]
开始内存: [b]478.19 KB[/b]
结束内存: [b]2.63 MB[/b]
使用内存: [b]2.16 MB[/b]
内存峰值: [b]2.67 MB[/b]

$@!#
[2014-06-24 20:37:33.7807]  [127.0.0.1] GET /
in C:\wamp\wamp\www\dealsmachine\lib\inc.fun.php on line 2562
User Notice[1024]：[b]1403613453.7805[/b]
开始内存: [b]478.19 KB[/b]
结束内存: [b]2.63 MB[/b]
使用内存: [b]2.16 MB[/b]
内存峰值: [b]2.67 MB[/b]

$@!#
[2014-06-24 20:37:34.8511]  [127.0.0.1] GET /
in C:\wamp\wamp\www\dealsmachine\lib\inc.fun.php on line 2562
User Notice[1024]：[b]1403613454.8505[/b]
开始内存: [b]478.19 KB[/b]
结束内存: [b]2.63 MB[/b]
使用内存: [b]2.16 MB[/b]
内存峰值: [b]2.67 MB[/b]

$@!#
[2014-06-24 20:37:35.9346]  [127.0.0.1] GET /
in C:\wamp\wamp\www\dealsmachine\lib\inc.fun.php on line 2562
User Notice[1024]：[b]1403613455.9344[/b]
开始内存: [b]478.19 KB[/b]
结束内存: [b]2.63 MB[/b]
使用内存: [b]2.16 MB[/b]
内存峰值: [b]2.67 MB[/b]

$@!#
[2014-06-24 20:37:37.0018]  [127.0.0.1] GET /
in C:\wamp\wamp\www\dealsmachine\lib\inc.fun.php on line 2562
User Notice[1024]：[b]1403613457.0016[/b]
开始内存: [b]478.19 KB[/b]
结束内存: [b]2.63 MB[/b]
使用内存: [b]2.16 MB[/b]
内存峰值: [b]2.67 MB[/b]

$@!#
[2014-06-24 20:37:38.0897]  [127.0.0.1] GET /
in C:\wamp\wamp\www\dealsmachine\lib\inc.fun.php on line 2562
User Notice[1024]：[b]1403613458.0894[/b]
开始内存: [b]478.19 KB[/b]
结束内存: [b]2.63 MB[/b]
使用内存: [b]2.16 MB[/b]
内存峰值: [b]2.67 MB[/b]

$@!#
[2014-06-24 20:37:39.1607]  [127.0.0.1] GET /
in C:\wamp\wamp\www\dealsmachine\lib\inc.fun.php on line 2562
User Notice[1024]：[b]1403613459.1604[/b]
开始内存: [b]478.19 KB[/b]
结束内存: [b]2.63 MB[/b]
使用内存: [b]2.16 MB[/b]
内存峰值: [b]2.67 MB[/b]

$@!#
[2014-06-24 20:37:40.2390]  [127.0.0.1] GET /
in C:\wamp\wamp\www\dealsmachine\lib\inc.fun.php on line 2562
User Notice[1024]：[b]1403613460.2389[/b]
开始内存: [b]478.19 KB[/b]
结束内存: [b]2.63 MB[/b]
使用内存: [b]2.16 MB[/b]
内存峰值: [b]2.67 MB[/b]

$@!#
[2014-06-24 20:37:41.2714]  [127.0.0.1] GET /
in C:\wamp\wamp\www\dealsmachine\lib\inc.fun.php on line 2562
User Notice[1024]：[b]1403613461.2714[/b]
开始内存: [b]478.19 KB[/b]
结束内存: [b]2.63 MB[/b]
使用内存: [b]2.16 MB[/b]
内存峰值: [b]2.67 MB[/b]

$@!#
[2014-06-24 20:37:42.3245]  [127.0.0.1] GET /
in C:\wamp\wamp\www\dealsmachine\lib\inc.fun.php on line 2562
User Notice[1024]：[b]1403613462.3243[/b]
开始内存: [b]478.19 KB[/b]
结束内存: [b]2.63 MB[/b]
使用内存: [b]2.16 MB[/b]
内存峰值: [b]2.67 MB[/b]

$@!#
[2014-06-24 20:37:43.4067]  [127.0.0.1] GET /
in C:\wamp\wamp\www\dealsmachine\lib\inc.fun.php on line 2562
User Notice[1024]：[b]1403613463.4065[/b]
开始内存: [b]478.19 KB[/b]
结束内存: [b]2.63 MB[/b]
使用内存: [b]2.16 MB[/b]
内存峰值: [b]2.67 MB[/b]

$@!#
[2014-06-24 20:37:44.4738]  [127.0.0.1] GET /
in C:\wamp\wamp\www\dealsmachine\lib\inc.fun.php on line 2562
User Notice[1024]：[b]1403613464.4734[/b]
开始内存: [b]478.19 KB[/b]
结束内存: [b]2.63 MB[/b]
使用内存: [b]2.16 MB[/b]
内存峰值: [b]2.67 MB[/b]

$@!#
[2014-06-24 20:37:45.5347]  [127.0.0.1] GET /
in C:\wamp\wamp\www\dealsmachine\lib\inc.fun.php on line 2562
User Notice[1024]：[b]1403613465.5346[/b]
开始内存: [b]478.19 KB[/b]
结束内存: [b]2.63 MB[/b]
使用内存: [b]2.16 MB[/b]
内存峰值: [b]2.67 MB[/b]

$@!#
[2014-06-24 20:37:46.5662]  [127.0.0.1] GET /
in C:\wamp\wamp\www\dealsmachine\lib\inc.fun.php on line 2562
User Notice[1024]：[b]1403613466.5660[/b]
开始内存: [b]478.19 KB[/b]
结束内存: [b]2.63 MB[/b]
使用内存: [b]2.16 MB[/b]
内存峰值: [b]2.67 MB[/b]

$@!#
[2014-06-24 20:37:47.6127]  [127.0.0.1] GET /
in C:\wamp\wamp\www\dealsmachine\lib\inc.fun.php on line 2562
User Notice[1024]：[b]1403613467.6125[/b]
开始内存: [b]478.19 KB[/b]
结束内存: [b]2.63 MB[/b]
使用内存: [b]2.16 MB[/b]
内存峰值: [b]2.67 MB[/b]

$@!#
[2014-06-24 20:37:48.6840]  [127.0.0.1] GET /
in C:\wamp\wamp\www\dealsmachine\lib\inc.fun.php on line 2562
User Notice[1024]：[b]1403613468.6838[/b]
开始内存: [b]478.19 KB[/b]
结束内存: [b]2.63 MB[/b]
使用内存: [b]2.16 MB[/b]
内存峰值: [b]2.67 MB[/b]

$@!#
[2014-06-24 20:37:49.7470]  [127.0.0.1] GET /
in C:\wamp\wamp\www\dealsmachine\lib\inc.fun.php on line 2562
User Notice[1024]：[b]1403613469.7470[/b]
开始内存: [b]478.19 KB[/b]
结束内存: [b]2.63 MB[/b]
使用内存: [b]2.16 MB[/b]
内存峰值: [b]2.67 MB[/b]

$@!#
[2014-06-24 20:38:18.1058]  [127.0.0.1] GET /
in C:\wamp\wamp\www\dealsmachine\lib\inc.fun.php on line 2562
User Notice[1024]：[b]1403613498.1056[/b]
开始内存: [b]477.96 KB[/b]
结束内存: [b]2.62 MB[/b]
使用内存: [b]2.16 MB[/b]
内存峰值: [b]2.67 MB[/b]

$@!#
[2014-06-24 20:38:25.7470]  [127.0.0.1] GET /
in C:\wamp\wamp\www\dealsmachine\lib\inc.fun.php on line 2562
User Notice[1024]：[b]1403613505.7469[/b]
开始内存: [b]478.19 KB[/b]
结束内存: [b]2.63 MB[/b]
使用内存: [b]2.16 MB[/b]
内存峰值: [b]2.67 MB[/b]

$@!#
[2014-06-24 20:41:02.3868]  [127.0.0.1] GET /
in C:\wamp\wamp\www\dealsmachine\lib\inc.fun.php on line 2562
User Notice[1024]：[b]1403613662.3866[/b]
开始内存: [b]478.16 KB[/b]
结束内存: [b]2.63 MB[/b]
使用内存: [b]2.16 MB[/b]
内存峰值: [b]2.67 MB[/b]

$@!#
[2014-06-24 23:02:09.8130]  [127.0.0.1] GET /
in C:\wamp\wamp\www\dealsmachine\lib\inc.fun.php on line 2562
User Notice[1024]：[b]1403622129.8127[/b]
开始内存: [b]477.55 KB[/b]
结束内存: [b]2.62 MB[/b]
使用内存: [b]2.16 MB[/b]
内存峰值: [b]2.67 MB[/b]

$@!#
