09:10:45: [127.0.0.1]array (
  'info' => false,
  'address' => false,
)0.0239s, 用时0.000111s
09:29:32: [127.0.0.1]array (
  'info' => false,
  'address' => false,
)0.026105s, 用时0.000118s
09:31:40: [127.0.0.1]array (
  'info' => false,
  'address' => false,
)0.026116s, 用时0.00011s
09:32:25: [127.0.0.1]array (
  'info' => false,
  'address' => false,
)0.023894s, 用时0.000123s
09:32:29: [127.0.0.1]array (
  'info' => false,
  'address' => false,
)0.023265s, 用时0.00011s
09:33:20: [127.0.0.1]array (
  'info' => false,
  'address' => false,
)0.024082s, 用时0.000111s
09:33:22: [127.0.0.1]array (
  'info' => false,
  'address' => false,
)0.022567s, 用时0.000107s
09:33:50: [127.0.0.1]array (
  'info' => 
  array (
    'user_id' => '100',
    'firstname' => NULL,
    'lastname' => NULL,
    'username' => 'vathiyar abdurrahim',
    'email' => 'allrosell@yahoo.com',
    'password' => '485693c65cb7f28f',
    'sex' => '1',
    'address_id' => '339482',
    'reg_time' => '1180495620',
    'last_login' => '1315996980',
    'last_time' => '0000-00-00 00:00:00',
    'last_ip' => '',
    'visit_count' => '4',
    'user_rank' => '0',
    'msn' => NULL,
    'phone' => NULL,
    'is_validated' => '0',
    'is_unsub' => '1',
    'is_need_chknum' => '1',
    'com_rate' => '0.08',
    'user_type' => NULL,
    'introduction' => NULL,
    'paypal_account' => NULL,
    'wj_linkid' => '0',
    'is_dao' => '0',
    'avaid_point' => '20',
    'adddate' => '2007-05-29 22:27:00',
    'lastlogin' => '2011-09-14 05:43:00',
    'bbs_id' => NULL,
    'bbs_profile' => NULL,
  ),
  'address' => false,
)0.40212s, 用时0.376704s
09:44:37: [127.0.0.1]array (
  'info' => 
  array (
    'user_id' => '100',
    'firstname' => NULL,
    'lastname' => NULL,
    'username' => 'vathiyar abdurrahim',
    'email' => 'allrosell@yahoo.com',
    'password' => '485693c65cb7f28f',
    'sex' => '1',
    'address_id' => '339482',
    'reg_time' => '1180495620',
    'last_login' => '1315996980',
    'last_time' => '0000-00-00 00:00:00',
    'last_ip' => '',
    'visit_count' => '4',
    'user_rank' => '0',
    'msn' => NULL,
    'phone' => NULL,
    'is_validated' => '0',
    'is_unsub' => '1',
    'is_need_chknum' => '1',
    'com_rate' => '0.08',
    'user_type' => NULL,
    'introduction' => NULL,
    'paypal_account' => NULL,
    'wj_linkid' => '0',
    'is_dao' => '0',
    'avaid_point' => '20',
    'adddate' => '2007-05-29 22:27:00',
    'lastlogin' => '2011-09-14 05:43:00',
    'bbs_id' => NULL,
    'bbs_profile' => NULL,
  ),
  'address' => false,
)0.02995s, 用时0.003493s
09:47:49: [127.0.0.1]array (
  'info' => 
  array (
    'user_id' => '100',
    'firstname' => NULL,
    'lastname' => NULL,
    'username' => 'vathiyar abdurrahim',
    'email' => 'allrosell@yahoo.com',
    'password' => '485693c65cb7f28f',
    'sex' => '1',
    'address_id' => '339482',
    'reg_time' => '1180495620',
    'last_login' => '1315996980',
    'last_time' => '0000-00-00 00:00:00',
    'last_ip' => '',
    'visit_count' => '4',
    'user_rank' => '0',
    'msn' => NULL,
    'phone' => NULL,
    'is_validated' => '0',
    'is_unsub' => '1',
    'is_need_chknum' => '1',
    'com_rate' => '0.08',
    'user_type' => NULL,
    'introduction' => NULL,
    'paypal_account' => NULL,
    'wj_linkid' => '0',
    'is_dao' => '0',
    'avaid_point' => '20',
    'adddate' => '2007-05-29 22:27:00',
    'lastlogin' => '2011-09-14 05:43:00',
    'bbs_id' => NULL,
    'bbs_profile' => NULL,
  ),
  'address' => false,
)0.028458s, 用时0.003602s
