分类 Hot Gadgets(281) 没有匹配结果，错误信息：index ahappydeal: sort-by attribute 'sort_order' not found
分类 USB 3.0 Flash Drive(544) 没有匹配结果，错误信息：index ahappydeal: sort-by attribute 'sort_order' not found
分类 Android Phones(630) 没有匹配结果，错误信息：index ahappydeal: sort-by attribute 'sort_order' not found
分类 Amusement Game Machine(646) 没有匹配结果，错误信息：index ahappydeal: sort-by attribute 'sort_order' not found
分类 US Warehouse Stocking(1627) 没有匹配结果，错误信息：index ahappydeal: sort-by attribute 'sort_order' not found
分类 Wall Decal(1644) 没有匹配结果，错误信息：index ahappydeal: sort-by attribute 'sort_order' not found
分类 Brand Watches(1648) 没有匹配结果，错误信息：index ahappydeal: sort-by attribute 'sort_order' not found
分类 Ultrafire Flashlights(1682) 没有匹配结果，错误信息：index ahappydeal: sort-by attribute 'sort_order' not found
分类 Uniquefire Flashlights(1683) 没有匹配结果，错误信息：index ahappydeal: sort-by attribute 'sort_order' not found
分类 Trustfire Flashlights(1684) 没有匹配结果，错误信息：index ahappydeal: sort-by attribute 'sort_order' not found
分类 Small Sun Flashlights(1685) 没有匹配结果，错误信息：index ahappydeal: sort-by attribute 'sort_order' not found
分类 Skyray Flashlights(1686) 没有匹配结果，错误信息：index ahappydeal: sort-by attribute 'sort_order' not found
分类 Smiling Shark Flashlights(1687) 没有匹配结果，错误信息：index ahappydeal: sort-by attribute 'sort_order' not found
分类 Other Flashlights(1688) 没有匹配结果，错误信息：index ahappydeal: sort-by attribute 'sort_order' not found
分类 Cell Phones /Mobiles(59) 没有匹配结果，错误信息：index ahappydeal: sort-by attribute 'sort_order' not found
分类 Hot Phones(167) 没有匹配结果，错误信息：index ahappydeal: sort-by attribute 'sort_order' not found
分类 Electronic Cigarette(191) 没有匹配结果，错误信息：index ahappydeal: sort-by attribute 'sort_order' not found
分类 Rear View Monitors & Kits(238) 没有匹配结果，错误信息：index ahappydeal: sort-by attribute 'sort_order' not found
分类 WII(291) 没有匹配结果，错误信息：index ahappydeal: sort-by attribute 'sort_order' not found
分类 Bluetooth Headsets(338) 没有匹配结果，错误信息：index ahappydeal: sort-by attribute 'sort_order' not found
分类 iPhone Cases & Skins(392) 没有匹配结果，错误信息：index ahappydeal: sort-by attribute 'sort_order' not found
分类 Digital Camcorders(410) 没有匹配结果，错误信息：index ahappydeal: sort-by attribute 'sort_order' not found
分类 Male Watches(440) 没有匹配结果，错误信息：index ahappydeal: sort-by attribute 'sort_order' not found
分类 Watches(442) 没有匹配结果，错误信息：index ahappydeal: sort-by attribute 'sort_order' not found
分类 GPS Navigation & Parts(447) 没有匹配结果，错误信息：index ahappydeal: sort-by attribute 'sort_order' not found
分类 Home Living(535) 没有匹配结果，错误信息：index ahappydeal: sort-by attribute 'sort_order' not found
分类 Headset(660) 没有匹配结果，错误信息：index ahappydeal: sort-by attribute 'sort_order' not found
分类 Notebook, UMPC & MID(1637) 没有匹配结果，错误信息：index ahappydeal: sort-by attribute 'sort_order' not found
分类 1 Din Car DVD Players(1658) 没有匹配结果，错误信息：index ahappydeal: sort-by attribute 'sort_order' not found
分类 Car DVD Player For Ford(1663) 没有匹配结果，错误信息：index ahappydeal: sort-by attribute 'sort_order' not found
分类 1 Din Car DVD Players(1670) 没有匹配结果，错误信息：index ahappydeal: sort-by attribute 'sort_order' not found
分类 Notebook/Tablet PC(95) 没有匹配结果，错误信息：index ahappydeal: sort-by attribute 'sort_order' not found
分类 Hobbies & Toys(103) 没有匹配结果，错误信息：index ahappydeal: sort-by attribute 'sort_order' not found
分类 Beginner Digital Cameras(150) 没有匹配结果，错误信息：index ahappydeal: sort-by attribute 'sort_order' not found
分类 Car Audio(202) 没有匹配结果，错误信息：index ahappydeal: sort-by attribute 'sort_order' not found
分类 Car Lights(268) 没有匹配结果，错误信息：index ahappydeal: sort-by attribute 'sort_order' not found
分类 PS2/PS3(294) 没有匹配结果，错误信息：index ahappydeal: sort-by attribute 'sort_order' not found
分类 Cree LED Flashlights(356) 没有匹配结果，错误信息：index ahappydeal: sort-by attribute 'sort_order' not found
分类 iPad Cases & Skins(391) 没有匹配结果，错误信息：index ahappydeal: sort-by attribute 'sort_order' not found
分类 Novel Electronics(412) 没有匹配结果，错误信息：index ahappydeal: sort-by attribute 'sort_order' not found
分类 Feminine Watches(414) 没有匹配结果，错误信息：index ahappydeal: sort-by attribute 'sort_order' not found
分类 Iphone Accessories(443) 没有匹配结果，错误信息：index ahappydeal: sort-by attribute 'sort_order' not found
分类 Faucets(587) 没有匹配结果，错误信息：index ahappydeal: sort-by attribute 'sort_order' not found
分类 Audio Accessories(596) 没有匹配结果，错误信息：index ahappydeal: sort-by attribute 'sort_order' not found
分类 Laptop  Accessories(1629) 没有匹配结果，错误信息：index ahappydeal: sort-by attribute 'sort_order' not found
分类 2 Din Car DVD Players(1659) 没有匹配结果，错误信息：index ahappydeal: sort-by attribute 'sort_order' not found
分类 Car DVD Player For Toyota(1664) 没有匹配结果，错误信息：index ahappydeal: sort-by attribute 'sort_order' not found
分类 Car DVD Players(1669) 没有匹配结果，错误信息：index ahappydeal: sort-by attribute 'sort_order' not found
分类 2 Din Car DVD Players(1671) 没有匹配结果，错误信息：index ahappydeal: sort-by attribute 'sort_order' not found
分类 Watches(96) 没有匹配结果，错误信息：index ahappydeal: sort-by attribute 'sort_order' not found
分类 High Megapixel Digital Cameras(152) 没有匹配结果，错误信息：index ahappydeal: sort-by attribute 'sort_order' not found
分类 XBOX/XBOX360(292) 没有匹配结果，错误信息：index ahappydeal: sort-by attribute 'sort_order' not found
分类 Chargers & Batteries(337) 没有匹配结果，错误信息：index ahappydeal: sort-by attribute 'sort_order' not found
分类 E27 LED Lighting(360) 没有匹配结果，错误信息：index ahappydeal: sort-by attribute 'sort_order' not found
分类 LED & Sports watches(441) 没有匹配结果，错误信息：index ahappydeal: sort-by attribute 'sort_order' not found
分类 Ipad Accessories(444) 没有匹配结果，错误信息：index ahappydeal: sort-by attribute 'sort_order' not found
分类 Car DVD Players(446) 没有匹配结果，错误信息：index ahappydeal: sort-by attribute 'sort_order' not found
分类 Solar Products(449) 没有匹配结果，错误信息：index ahappydeal: sort-by attribute 'sort_order' not found
分类 Health & Beauty(592) 没有匹配结果，错误信息：index ahappydeal: sort-by attribute 'sort_order' not found
分类 iPhone Earphones & Speakers(602) 没有匹配结果，错误信息：index ahappydeal: sort-by attribute 'sort_order' not found
分类 Digital Thermometer(625) 没有匹配结果，错误信息：index ahappydeal: sort-by attribute 'sort_order' not found
分类 Others(1630) 没有匹配结果，错误信息：index ahappydeal: sort-by attribute 'sort_order' not found
分类 Cleaning Kits(1651) 没有匹配结果，错误信息：index ahappydeal: sort-by attribute 'sort_order' not found
分类 Steering Wheel Cover(1652) 没有匹配结果，错误信息：index ahappydeal: sort-by attribute 'sort_order' not found
分类 Pedals & Pads(1656) 没有匹配结果，错误信息：index ahappydeal: sort-by attribute 'sort_order' not found
分类 Car DVD Player For Honda(1665) 没有匹配结果，错误信息：index ahappydeal: sort-by attribute 'sort_order' not found
分类 Car PC DVD Players(1681) 没有匹配结果，错误信息：index ahappydeal: sort-by attribute 'sort_order' not found
分类 Electronic Gadgets(72) 没有匹配结果，错误信息：index ahappydeal: sort-by attribute 'sort_order' not found
分类 Car DVR & Car Cameras(233) 没有匹配结果，错误信息：index ahappydeal: sort-by attribute 'sort_order' not found
分类 Cables(339) 没有匹配结果，错误信息：index ahappydeal: sort-by attribute 'sort_order' not found
分类 Surveillance Camera & Accessories(375) 没有匹配结果，错误信息：index ahappydeal: sort-by attribute 'sort_order' not found
分类 Kids' Watches(415) 没有匹配结果，错误信息：index ahappydeal: sort-by attribute 'sort_order' not found
分类 Electronics Gadgets(445) 没有匹配结果，错误信息：index ahappydeal: sort-by attribute 'sort_order' not found
分类 GU10 LED Lighting(524) 没有匹配结果，错误信息：index ahappydeal: sort-by attribute 'sort_order' not found
分类 NDS NDSL NDSI(586) 没有匹配结果，错误信息：index ahappydeal: sort-by attribute 'sort_order' not found
分类 Fashion Jewelry(593) 没有匹配结果，错误信息：index ahappydeal: sort-by attribute 'sort_order' not found
分类 E-book Reader & accessory(648) 没有匹配结果，错误信息：index ahappydeal: sort-by attribute 'sort_order' not found
分类 Test Equipment(1654) 没有匹配结果，错误信息：index ahappydeal: sort-by attribute 'sort_order' not found
分类 Decorative Stickers(1657) 没有匹配结果，错误信息：index ahappydeal: sort-by attribute 'sort_order' not found
分类 GPS DVD Players(1662) 没有匹配结果，错误信息：index ahappydeal: sort-by attribute 'sort_order' not found
分类 Car DVD Player For Volkswagen(1666) 没有匹配结果，错误信息：index ahappydeal: sort-by attribute 'sort_order' not found
分类 Outdoors & Sports(107) 没有匹配结果，错误信息：index ahappydeal: sort-by attribute 'sort_order' not found
分类 Smart Phones & PDA(248) 没有匹配结果，错误信息：index ahappydeal: sort-by attribute 'sort_order' not found
分类 PSP(295) 没有匹配结果，错误信息：index ahappydeal: sort-by attribute 'sort_order' not found
分类 Skins & Cases(340) 没有匹配结果，错误信息：index ahappydeal: sort-by attribute 'sort_order' not found
分类 Walkie Talkies(376) 没有匹配结果，错误信息：index ahappydeal: sort-by attribute 'sort_order' not found
分类 Pocket Watches(416) 没有匹配结果，错误信息：index ahappydeal: sort-by attribute 'sort_order' not found
分类 MP5 Players(448) 没有匹配结果，错误信息：index ahappydeal: sort-by attribute 'sort_order' not found
分类 MR16 LED Lighting(525) 没有匹配结果，错误信息：index ahappydeal: sort-by attribute 'sort_order' not found
分类 Clock(539) 没有匹配结果，错误信息：index ahappydeal: sort-by attribute 'sort_order' not found
分类 Handbags(594) 没有匹配结果，错误信息：index ahappydeal: sort-by attribute 'sort_order' not found
分类 iPhone Cables(601) 没有匹配结果，错误信息：index ahappydeal: sort-by attribute 'sort_order' not found
分类 Car Parts(1649) 没有匹配结果，错误信息：index ahappydeal: sort-by attribute 'sort_order' not found
分类 Special In-Dash DVD Players(1661) 没有匹配结果，错误信息：index ahappydeal: sort-by attribute 'sort_order' not found
分类 Car DVD Player For Mazda(1667) 没有匹配结果，错误信息：index ahappydeal: sort-by attribute 'sort_order' not found
分类 iPhone & iPad & iPod(93) 没有匹配结果，错误信息：index ahappydeal: sort-by attribute 'sort_order' not found
分类 PSP1000/2000/3000(296) 没有匹配结果，错误信息：index ahappydeal: sort-by attribute 'sort_order' not found
分类 Screen Protectors(342) 没有匹配结果，错误信息：index ahappydeal: sort-by attribute 'sort_order' not found
分类 Couple Watches(417) 没有匹配结果，错误信息：index ahappydeal: sort-by attribute 'sort_order' not found
分类 E14 LED Lighting(526) 没有匹配结果，错误信息：index ahappydeal: sort-by attribute 'sort_order' not found
分类 Stationery(536) 没有匹配结果，错误信息：index ahappydeal: sort-by attribute 'sort_order' not found
分类 Adapters & Chargers & Batteries(640) 没有匹配结果，错误信息：index ahappydeal: sort-by attribute 'sort_order' not found
分类 Car Care(1650) 没有匹配结果，错误信息：index ahappydeal: sort-by attribute 'sort_order' not found
分类 Car DVD Player For KIA(1668) 没有匹配结果，错误信息：index ahappydeal: sort-by attribute 'sort_order' not found
分类 Computer Peripherals(86) 没有匹配结果，错误信息：index ahappydeal: sort-by attribute 'sort_order' not found
分类 Car Charger(265) 没有匹配结果，错误信息：index ahappydeal: sort-by attribute 'sort_order' not found
分类 headphones & Earphones(343) 没有匹配结果，错误信息：index ahappydeal: sort-by attribute 'sort_order' not found
分类 Other Watches(456) 没有匹配结果，错误信息：index ahappydeal: sort-by attribute 'sort_order' not found
分类 More LED Lighting(527) 没有匹配结果，错误信息：index ahappydeal: sort-by attribute 'sort_order' not found
分类 Pet Supplies(595) 没有匹配结果，错误信息：index ahappydeal: sort-by attribute 'sort_order' not found
分类 Titanium Bracelet & Necklace(624) 没有匹配结果，错误信息：index ahappydeal: sort-by attribute 'sort_order' not found
分类 Medical Instruments(1655) 没有匹配结果，错误信息：index ahappydeal: sort-by attribute 'sort_order' not found
分类 Car DVD Player For HYUNDAI(1680) 没有匹配结果，错误信息：index ahappydeal: sort-by attribute 'sort_order' not found
分类 Cell Phone Accessories(89) 没有匹配结果，错误信息：index ahappydeal: sort-by attribute 'sort_order' not found
分类 MP4 Players(170) 没有匹配结果，错误信息：index ahappydeal: sort-by attribute 'sort_order' not found
分类 Digital Cameras Screen Protector(289) 没有匹配结果，错误信息：index ahappydeal: sort-by attribute 'sort_order' not found
分类 Fashion Accessories(344) 没有匹配结果，错误信息：index ahappydeal: sort-by attribute 'sort_order' not found
分类 Multifunction Tools(452) 没有匹配结果，错误信息：index ahappydeal: sort-by attribute 'sort_order' not found
分类 Digital Cameras Flashes(495) 没有匹配结果，错误信息：index ahappydeal: sort-by attribute 'sort_order' not found
分类 18650/17670 Battery(529) 没有匹配结果，错误信息：index ahappydeal: sort-by attribute 'sort_order' not found
分类 Decoration Light(628) 没有匹配结果，错误信息：index ahappydeal: sort-by attribute 'sort_order' not found
分类 Car Decorations(1646) 没有匹配结果，错误信息：index ahappydeal: sort-by attribute 'sort_order' not found
分类 Home & Office(105) 没有匹配结果，错误信息：index ahappydeal: sort-by attribute 'sort_order' not found
分类 Car Appliances(246) 没有匹配结果，错误信息：index ahappydeal: sort-by attribute 'sort_order' not found
分类 Digital Cameras Filters(290) 没有匹配结果，错误信息：index ahappydeal: sort-by attribute 'sort_order' not found
分类 Network IP Cameras(381) 没有匹配结果，错误信息：index ahappydeal: sort-by attribute 'sort_order' not found
分类 Earphones(403) 没有匹配结果，错误信息：index ahappydeal: sort-by attribute 'sort_order' not found
分类 Digital Picture Frames(407) 没有匹配结果，错误信息：index ahappydeal: sort-by attribute 'sort_order' not found
分类 Digital Cameras Lenses/Accessories(496) 没有匹配结果，错误信息：index ahappydeal: sort-by attribute 'sort_order' not found
分类 Other Battery & Rechargers(500) 没有匹配结果，错误信息：index ahappydeal: sort-by attribute 'sort_order' not found
分类 Camera Detector(588) 没有匹配结果，错误信息：index ahappydeal: sort-by attribute 'sort_order' not found
分类 Repair & Parts(597) 没有匹配结果，错误信息：index ahappydeal: sort-by attribute 'sort_order' not found
分类 Unisex Watches(659) 没有匹配结果，错误信息：index ahappydeal: sort-by attribute 'sort_order' not found
分类 MP3 Players(1647) 没有匹配结果，错误信息：index ahappydeal: sort-by attribute 'sort_order' not found
分类 Car Gadgets(232) 没有匹配结果，错误信息：index ahappydeal: sort-by attribute 'sort_order' not found
分类 WiFi Cell Phones(249) 没有匹配结果，错误信息：index ahappydeal: sort-by attribute 'sort_order' not found
分类 Networking(304) 没有匹配结果，错误信息：index ahappydeal: sort-by attribute 'sort_order' not found
分类 Hard Disk Drive player(406) 没有匹配结果，错误信息：index ahappydeal: sort-by attribute 'sort_order' not found
分类 Baby Monitor & Alarm Systems(409) 没有匹配结果，错误信息：index ahappydeal: sort-by attribute 'sort_order' not found
分类 Card MP3 Players(429) 没有匹配结果，错误信息：index ahappydeal: sort-by attribute 'sort_order' not found
分类 MID & UMPC(453) 没有匹配结果，错误信息：index ahappydeal: sort-by attribute 'sort_order' not found
分类 Digital Cameras Cases/Protectors(497) 没有匹配结果，错误信息：index ahappydeal: sort-by attribute 'sort_order' not found
分类 R/C Helicopters(506) 没有匹配结果，错误信息：index ahappydeal: sort-by attribute 'sort_order' not found
分类 32GB USB Flash & Up(545) 没有匹配结果，错误信息：index ahappydeal: sort-by attribute 'sort_order' not found
分类 iPhone Chargers & Batteries(600) 没有匹配结果，错误信息：index ahappydeal: sort-by attribute 'sort_order' not found
分类 Cell Phone Holder(623) 没有匹配结果，错误信息：index ahappydeal: sort-by attribute 'sort_order' not found
分类 Belts(653) 没有匹配结果，错误信息：index ahappydeal: sort-by attribute 'sort_order' not found
分类 Car Electronics(63) 没有匹配结果，错误信息：index ahappydeal: sort-by attribute 'sort_order' not found
分类 Wireless Cameras(383) 没有匹配结果，错误信息：index ahappydeal: sort-by attribute 'sort_order' not found
分类 Digital Cameras Photography Tools(498) 没有匹配结果，错误信息：index ahappydeal: sort-by attribute 'sort_order' not found
分类 LED Emitters & Modules(528) 没有匹配结果，错误信息：index ahappydeal: sort-by attribute 'sort_order' not found
分类 MP5/MP4/MP3/Ebook Reader(1) 没有匹配结果，错误信息：index ahappydeal: sort-by attribute 'sort_order' not found
分类 MP4 Accessories(140) 没有匹配结果，错误信息：index ahappydeal: sort-by attribute 'sort_order' not found
分类 Surveillance DVR(384) 没有匹配结果，错误信息：index ahappydeal: sort-by attribute 'sort_order' not found
分类 Batteries & Chargers(644) 没有匹配结果，错误信息：index ahappydeal: sort-by attribute 'sort_order' not found
分类 LED Festival Lighting(650) 没有匹配结果，错误信息：index ahappydeal: sort-by attribute 'sort_order' not found
分类 Watch Tools&Accessories(671) 没有匹配结果，错误信息：index ahappydeal: sort-by attribute 'sort_order' not found
分类 Headphones(109) 没有匹配结果，错误信息：index ahappydeal: sort-by attribute 'sort_order' not found
分类 Brand Flashlights(534) 没有匹配结果，错误信息：index ahappydeal: sort-by attribute 'sort_order' not found
分类 Hot Watches(584) 没有匹配结果，错误信息：index ahappydeal: sort-by attribute 'sort_order' not found
分类 Digital Voice Recorders(622) 没有匹配结果，错误信息：index ahappydeal: sort-by attribute 'sort_order' not found
分类 USB Flash & Memory Cards(106) 没有匹配结果，错误信息：index ahappydeal: sort-by attribute 'sort_order' not found
分类 Car Air Purifier(247) 没有匹配结果，错误信息：index ahappydeal: sort-by attribute 'sort_order' not found
分类 Russian Keyboard Phones(649) 没有匹配结果，错误信息：index ahappydeal: sort-by attribute 'sort_order' not found
分类 LED Ceiling Lights(1689) 没有匹配结果，错误信息：index ahappydeal: sort-by attribute 'sort_order' not found
分类 TV Cell Phones(181) 没有匹配结果，错误信息：index ahappydeal: sort-by attribute 'sort_order' not found
分类 Sunglasses & Eyewears(554) 没有匹配结果，错误信息：index ahappydeal: sort-by attribute 'sort_order' not found
分类 Clothing Accessories(116) 没有匹配结果，错误信息：index ahappydeal: sort-by attribute 'sort_order' not found
分类 Car Tyre Pressure Meter(266) 没有匹配结果，错误信息：index ahappydeal: sort-by attribute 'sort_order' not found
分类 Sports&3D Glasses / Goggles(567) 没有匹配结果，错误信息：index ahappydeal: sort-by attribute 'sort_order' not found
分类 Cameras & Camcorders(34) 没有匹配结果，错误信息：index ahappydeal: sort-by attribute 'sort_order' not found
分类 Car Perfume(267) 没有匹配结果，错误信息：index ahappydeal: sort-by attribute 'sort_order' not found
分类 Surveillance Equipments(75) 没有匹配结果，错误信息：index ahappydeal: sort-by attribute 'sort_order' not found
分类 Travelling Goods(1653) 没有匹配结果，错误信息：index ahappydeal: sort-by attribute 'sort_order' not found
分类 1GB  MP3 Player(100) 没有匹配结果，错误信息：index ahappydeal: sort-by attribute 'sort_order' not found
分类 Cables & Converters(300) 没有匹配结果，错误信息：index ahappydeal: sort-by attribute 'sort_order' not found
分类 16 GB USB Flash(315) 没有匹配结果，错误信息：index ahappydeal: sort-by attribute 'sort_order' not found
分类 7 inch MID & UMPC(432) 没有匹配结果，错误信息：index ahappydeal: sort-by attribute 'sort_order' not found
分类 QWERTY Cell Phones(504) 没有匹配结果，错误信息：index ahappydeal: sort-by attribute 'sort_order' not found
分类 R/C Cars(507) 没有匹配结果，错误信息：index ahappydeal: sort-by attribute 'sort_order' not found
分类 iPhone Screen Protectors(599) 没有匹配结果，错误信息：index ahappydeal: sort-by attribute 'sort_order' not found
分类 Digital Scales(641) 没有匹配结果，错误信息：index ahappydeal: sort-by attribute 'sort_order' not found
分类 Golf & Fishing & Swimming & Skiing(645) 没有匹配结果，错误信息：index ahappydeal: sort-by attribute 'sort_order' not found
分类 Gloves(654) 没有匹配结果，错误信息：index ahappydeal: sort-by attribute 'sort_order' not found
分类 Bicycling(571) 没有匹配结果，错误信息：index ahappydeal: sort-by attribute 'sort_order' not found
分类 Exercise & Fitness(570) 没有匹配结果，错误信息：index ahappydeal: sort-by attribute 'sort_order' not found
分类 Sportswear(1645) 没有匹配结果，错误信息：index ahappydeal: sort-by attribute 'sort_order' not found
分类 Outdoor Multi-Tools(569) 没有匹配结果，错误信息：index ahappydeal: sort-by attribute 'sort_order' not found
分类 Cell Phone Watch(183) 没有匹配结果，错误信息：index ahappydeal: sort-by attribute 'sort_order' not found
分类 8-10.2 inch MID & UMPC(433) 没有匹配结果，错误信息：index ahappydeal: sort-by attribute 'sort_order' not found
分类 R/C Boats(511) 没有匹配结果，错误信息：index ahappydeal: sort-by attribute 'sort_order' not found
分类 8GB USB Flash(546) 没有匹配结果，错误信息：index ahappydeal: sort-by attribute 'sort_order' not found
分类 Binoculars & Monoculars(574) 没有匹配结果，错误信息：index ahappydeal: sort-by attribute 'sort_order' not found
分类 Mini Speakers(579) 没有匹配结果，错误信息：index ahappydeal: sort-by attribute 'sort_order' not found
分类 Hats(655) 没有匹配结果，错误信息：index ahappydeal: sort-by attribute 'sort_order' not found
分类 2GB MP3(1628) 没有匹配结果，错误信息：index ahappydeal: sort-by attribute 'sort_order' not found
分类 Quad Band Phones(182) 没有匹配结果，错误信息：index ahappydeal: sort-by attribute 'sort_order' not found
分类 Outdoors Bags/Cases(568) 没有匹配结果，错误信息：index ahappydeal: sort-by attribute 'sort_order' not found
分类 Google Android 3.0 & 4.0 Series(1624) 没有匹配结果，错误信息：index ahappydeal: sort-by attribute 'sort_order' not found
分类 Dual Band Phones(188) 没有匹配结果，错误信息：index ahappydeal: sort-by attribute 'sort_order' not found
分类 4GB MP3 Player(195) 没有匹配结果，错误信息：index ahappydeal: sort-by attribute 'sort_order' not found
分类 Google Android 2.1 & 2.2 Series(434) 没有匹配结果，错误信息：index ahappydeal: sort-by attribute 'sort_order' not found
分类 Animation Figures(508) 没有匹配结果，错误信息：index ahappydeal: sort-by attribute 'sort_order' not found
分类 4GB USB Flash(547) 没有匹配结果，错误信息：index ahappydeal: sort-by attribute 'sort_order' not found
分类 Mice & Accessories(582) 没有匹配结果，错误信息：index ahappydeal: sort-by attribute 'sort_order' not found
分类 Outdoor Gear(583) 没有匹配结果，错误信息：index ahappydeal: sort-by attribute 'sort_order' not found
分类 Wigs(656) 没有匹配结果，错误信息：index ahappydeal: sort-by attribute 'sort_order' not found
分类 SSC LED Flashlights(521) 没有匹配结果，错误信息：index ahappydeal: sort-by attribute 'sort_order' not found
分类 SST LED Flashlights(522) 没有匹配结果，错误信息：index ahappydeal: sort-by attribute 'sort_order' not found
分类 More LED Flashlights(523) 没有匹配结果，错误信息：index ahappydeal: sort-by attribute 'sort_order' not found
分类 Brand Phones(505) 没有匹配结果，错误信息：index ahappydeal: sort-by attribute 'sort_order' not found
分类 Camping Lights & Lanterns(573) 没有匹配结果，错误信息：index ahappydeal: sort-by attribute 'sort_order' not found
分类 8GB  MP3 Player(211) 没有匹配结果，错误信息：index ahappydeal: sort-by attribute 'sort_order' not found
分类 Memory Card Readers(309) 没有匹配结果，错误信息：index ahappydeal: sort-by attribute 'sort_order' not found
分类 Puzzle & Educational(509) 没有匹配结果，错误信息：index ahappydeal: sort-by attribute 'sort_order' not found
分类 2GB USB Flash & Under(548) 没有匹配结果，错误信息：index ahappydeal: sort-by attribute 'sort_order' not found
分类 Protective Masks(562) 没有匹配结果，错误信息：index ahappydeal: sort-by attribute 'sort_order' not found
分类 Google Android 2.3 Series(585) 没有匹配结果，错误信息：index ahappydeal: sort-by attribute 'sort_order' not found
分类 USB Gadgets(647) 没有匹配结果，错误信息：index ahappydeal: sort-by attribute 'sort_order' not found
分类 Scarves/Cape(657) 没有匹配结果，错误信息：index ahappydeal: sort-by attribute 'sort_order' not found
分类 Combat Helmets/Headlamps(566) 没有匹配结果，错误信息：index ahappydeal: sort-by attribute 'sort_order' not found
分类 MP3 Watches(162) 没有匹配结果，错误信息：index ahappydeal: sort-by attribute 'sort_order' not found
分类 PC Webcams(305) 没有匹配结果，错误信息：index ahappydeal: sort-by attribute 'sort_order' not found
分类 TF/MicroSD Cards(313) 没有匹配结果，错误信息：index ahappydeal: sort-by attribute 'sort_order' not found
分类 Notebook(421) 没有匹配结果，错误信息：index ahappydeal: sort-by attribute 'sort_order' not found
分类 Mechanical & Vehicles(510) 没有匹配结果，错误信息：index ahappydeal: sort-by attribute 'sort_order' not found
分类 Protective Caps & Hats/Gloves/Belts(560) 没有匹配结果，错误信息：index ahappydeal: sort-by attribute 'sort_order' not found
分类 iPhone Stands(603) 没有匹配结果，错误信息：index ahappydeal: sort-by attribute 'sort_order' not found
分类 16340/CR123A Battery(530) 没有匹配结果，错误信息：index ahappydeal: sort-by attribute 'sort_order' not found
分类 AA/14500 Battery(531) 没有匹配结果，错误信息：index ahappydeal: sort-by attribute 'sort_order' not found
分类 AAA/10440 Battery(532) 没有匹配结果，错误信息：index ahappydeal: sort-by attribute 'sort_order' not found
分类 Button Cell/Battery Pack(533) 没有匹配结果，错误信息：index ahappydeal: sort-by attribute 'sort_order' not found
分类 Wireless Mice(401) 没有匹配结果，错误信息：index ahappydeal: sort-by attribute 'sort_order' not found
分类 Bluetooth Adapters(299) 没有匹配结果，错误信息：index ahappydeal: sort-by attribute 'sort_order' not found
分类 MP3 Sunglasses(405) 没有匹配结果，错误信息：index ahappydeal: sort-by attribute 'sort_order' not found
分类 Solar Gadgets(512) 没有匹配结果，错误信息：index ahappydeal: sort-by attribute 'sort_order' not found
分类 SD/SDHC Cards(541) 没有匹配结果，错误信息：index ahappydeal: sort-by attribute 'sort_order' not found
分类 iPhone Stylus Pens(604) 没有匹配结果，错误信息：index ahappydeal: sort-by attribute 'sort_order' not found
分类 Outdoor Sport Camera(1623) 没有匹配结果，错误信息：index ahappydeal: sort-by attribute 'sort_order' not found
分类 Special Price Phones(270) 没有匹配结果，错误信息：index ahappydeal: sort-by attribute 'sort_order' not found
分类 HDD&HDMI Products(307) 没有匹配结果，错误信息：index ahappydeal: sort-by attribute 'sort_order' not found
分类 MS/Memory Stick M2 Cards(311) 没有匹配结果，错误信息：index ahappydeal: sort-by attribute 'sort_order' not found
分类 China MID & UMPC Accessories(435) 没有匹配结果，错误信息：index ahappydeal: sort-by attribute 'sort_order' not found
分类 Torches & Flashlights(555) 没有匹配结果，错误信息：index ahappydeal: sort-by attribute 'sort_order' not found
分类 Trick Toys(580) 没有匹配结果，错误信息：index ahappydeal: sort-by attribute 'sort_order' not found
分类 iPhone Parts & Repair(605) 没有匹配结果，错误信息：index ahappydeal: sort-by attribute 'sort_order' not found
分类 Gifts(1621) 没有匹配结果，错误信息：index ahappydeal: sort-by attribute 'sort_order' not found
分类 Keyboards & Accessories(301) 没有匹配结果，错误信息：index ahappydeal: sort-by attribute 'sort_order' not found
分类 Mini SD Cards(312) 没有匹配结果，错误信息：index ahappydeal: sort-by attribute 'sort_order' not found
分类 Plush Toys(513) 没有匹配结果，错误信息：index ahappydeal: sort-by attribute 'sort_order' not found
分类 Stage Show Lasers(518) 没有匹配结果，错误信息：index ahappydeal: sort-by attribute 'sort_order' not found
分类 iPhone Gadgets(606) 没有匹配结果，错误信息：index ahappydeal: sort-by attribute 'sort_order' not found
分类 Hot Outdoor Products(642) 没有匹配结果，错误信息：index ahappydeal: sort-by attribute 'sort_order' not found
分类 Hot Sport Products(643) 没有匹配结果，错误信息：index ahappydeal: sort-by attribute 'sort_order' not found
分类 Video Games Accessories(85) 没有匹配结果，错误信息：index ahappydeal: sort-by attribute 'sort_order' not found
分类 Lasers & Flashlights(91) 没有匹配结果，错误信息：index ahappydeal: sort-by attribute 'sort_order' not found
分类 USB Hubs(282) 没有匹配结果，错误信息：index ahappydeal: sort-by attribute 'sort_order' not found
分类 CF/XD Cards(314) 没有匹配结果，错误信息：index ahappydeal: sort-by attribute 'sort_order' not found
分类 Wireless Presenters(359) 没有匹配结果，错误信息：index ahappydeal: sort-by attribute 'sort_order' not found
分类 Other Toys(514) 没有匹配结果，错误信息：index ahappydeal: sort-by attribute 'sort_order' not found
分类 Specials MID & UMPC(621) 没有匹配结果，错误信息：index ahappydeal: sort-by attribute 'sort_order' not found
分类 Card Readers & Adapters(310) 没有匹配结果，错误信息：index ahappydeal: sort-by attribute 'sort_order' not found
分类 Tools & Accessories(515) 没有匹配结果，错误信息：index ahappydeal: sort-by attribute 'sort_order' not found
分类 PCI-E Cards(540) 没有匹配结果，错误信息：index ahappydeal: sort-by attribute 'sort_order' not found
分类 Portable Projectors(550) 没有匹配结果，错误信息：index ahappydeal: sort-by attribute 'sort_order' not found
分类 iPad Screen Protectors(608) 没有匹配结果，错误信息：index ahappydeal: sort-by attribute 'sort_order' not found
分类 LED Keychains and Others(358) 没有匹配结果，错误信息：index ahappydeal: sort-by attribute 'sort_order' not found
分类 iPad Chargers & Batteries(609) 没有匹配结果，错误信息：index ahappydeal: sort-by attribute 'sort_order' not found
分类 iPad Cables(610) 没有匹配结果，错误信息：index ahappydeal: sort-by attribute 'sort_order' not found
分类 iPad Stands(611) 没有匹配结果，错误信息：index ahappydeal: sort-by attribute 'sort_order' not found
分类 iPad Stylus Pens(612) 没有匹配结果，错误信息：index ahappydeal: sort-by attribute 'sort_order' not found
分类 iPad Parts & Repair(613) 没有匹配结果，错误信息：index ahappydeal: sort-by attribute 'sort_order' not found
分类 iPad Gadgets(614) 没有匹配结果，错误信息：index ahappydeal: sort-by attribute 'sort_order' not found
分类 iPod  Cases & Skins(394) 没有匹配结果，错误信息：index ahappydeal: sort-by attribute 'sort_order' not found
分类 iPod Screen Protectors(615) 没有匹配结果，错误信息：index ahappydeal: sort-by attribute 'sort_order' not found
分类 iPod Chargers & Batteries(616) 没有匹配结果，错误信息：index ahappydeal: sort-by attribute 'sort_order' not found
分类 iPod Cables(617) 没有匹配结果，错误信息：index ahappydeal: sort-by attribute 'sort_order' not found
分类 Cooling Pads(553) 没有匹配结果，错误信息：index ahappydeal: sort-by attribute 'sort_order' not found
分类 iPod Earphones & Speakers(618) 没有匹配结果，错误信息：index ahappydeal: sort-by attribute 'sort_order' not found
分类 Laptop Adapters(551) 没有匹配结果，错误信息：index ahappydeal: sort-by attribute 'sort_order' not found
分类 iPod Parts & Repair(619) 没有匹配结果，错误信息：index ahappydeal: sort-by attribute 'sort_order' not found
分类 Laptop Batteries(552) 没有匹配结果，错误信息：index ahappydeal: sort-by attribute 'sort_order' not found
分类 iPod Gadgets(620) 没有匹配结果，错误信息：index ahappydeal: sort-by attribute 'sort_order' not found
分类 Mac Accessories(581) 没有匹配结果，错误信息：index ahappydeal: sort-by attribute 'sort_order' not found
分类 Laptop Accessories(302) 没有匹配结果，错误信息：index ahappydeal: sort-by attribute 'sort_order' not found
执行结束，用时3.987426s