分类 Hot Gadgets(281) 匹配结果：63，查询用时：0.002
分类 USB 3.0 Flash Drive(544) 匹配结果：36，查询用时：0.002
分类 Android Phones(630) 匹配结果：282，查询用时：0.002
分类 Amusement Game Machine(646) 匹配结果：27，查询用时：0.002
分类 US Warehouse Stocking(1627) 没有匹配结果，错误信息：
分类 Wall Decal(1644) 匹配结果：202，查询用时：0.002
分类 Brand Watches(1648) 匹配结果：37，查询用时：0.002
分类 Ultrafire Flashlights(1682) 没有匹配结果，错误信息：
分类 Uniquefire Flashlights(1683) 没有匹配结果，错误信息：
分类 Trustfire Flashlights(1684) 没有匹配结果，错误信息：
分类 Small Sun Flashlights(1685) 没有匹配结果，错误信息：
分类 Skyray Flashlights(1686) 没有匹配结果，错误信息：
分类 Smiling Shark Flashlights(1687) 没有匹配结果，错误信息：
分类 Other Flashlights(1688) 没有匹配结果，错误信息：
分类 Cell Phones /Mobiles(59) 匹配结果：286，查询用时：0.002
分类 Hot Phones(167) 匹配结果：269，查询用时：0.003
分类 Electronic Cigarette(191) 没有匹配结果，错误信息：
分类 Rear View Monitors & Kits(238) 匹配结果：23，查询用时：0.003
分类 WII(291) 匹配结果：117，查询用时：0.003
分类 Bluetooth Headsets(338) 匹配结果：214，查询用时：0.003
分类 iPhone Cases & Skins(392) 匹配结果：1230，查询用时：0.003
分类 Digital Camcorders(410) 匹配结果：71，查询用时：0.003
分类 Male Watches(440) 匹配结果：1865，查询用时：0.003
分类 Watches(442) 匹配结果：2，查询用时：0.003
分类 GPS Navigation & Parts(447) 匹配结果：46，查询用时：0.003
分类 Home Living(535) 匹配结果：2867，查询用时：0.003
分类 Headset(660) 匹配结果：102，查询用时：0.003
分类 Notebook, UMPC & MID(1637) 匹配结果：7，查询用时：0.003
分类 1 Din Car DVD Players(1658) 没有匹配结果，错误信息：
分类 Car DVD Player For Ford(1663) 没有匹配结果，错误信息：
分类 1 Din Car DVD Players(1670) 没有匹配结果，错误信息：
分类 Notebook/Tablet PC(95) 匹配结果：283，查询用时：0.003
分类 Hobbies & Toys(103) 匹配结果：160，查询用时：0.003
分类 Beginner Digital Cameras(150) 匹配结果：18，查询用时：0.003
分类 Car Audio(202) 匹配结果：58，查询用时：0.003
分类 Car Lights(268) 匹配结果：268，查询用时：0.003
分类 PS2/PS3(294) 匹配结果：178，查询用时：0.003
分类 Cree LED Flashlights(356) 匹配结果：296，查询用时：0.003
分类 iPad Cases & Skins(391) 匹配结果：341，查询用时：0.003
分类 Novel Electronics(412) 匹配结果：503，查询用时：0.003
分类 Feminine Watches(414) 匹配结果：2894，查询用时：0.003
分类 Iphone Accessories(443) 匹配结果：4，查询用时：0.003
分类 Faucets(587) 匹配结果：59，查询用时：0.003
分类 Audio Accessories(596) 匹配结果：8，查询用时：0.003
分类 Laptop  Accessories(1629) 匹配结果：266，查询用时：0.003
分类 2 Din Car DVD Players(1659) 没有匹配结果，错误信息：
分类 Car DVD Player For Toyota(1664) 没有匹配结果，错误信息：
分类 Car DVD Players(1669) 没有匹配结果，错误信息：
分类 2 Din Car DVD Players(1671) 没有匹配结果，错误信息：
分类 Watches(96) 匹配结果：40，查询用时：0.003
分类 High Megapixel Digital Cameras(152) 匹配结果：38，查询用时：0.003
分类 XBOX/XBOX360(292) 匹配结果：84，查询用时：0.003
分类 Chargers & Batteries(337) 匹配结果：323，查询用时：0.003
分类 E27 LED Lighting(360) 匹配结果：345，查询用时：0.003
分类 LED & Sports watches(441) 匹配结果：1140，查询用时：0.003
分类 Ipad Accessories(444) 没有匹配结果，错误信息：
分类 Car DVD Players(446) 匹配结果：307，查询用时：0.003
分类 Solar Products(449) 匹配结果：80，查询用时：0.003
分类 Health & Beauty(592) 匹配结果：1661，查询用时：0.003
分类 iPhone Earphones & Speakers(602) 匹配结果：38，查询用时：0.003
分类 Digital Thermometer(625) 匹配结果：48，查询用时：0.003
分类 Others(1630) 匹配结果：129，查询用时：0.003
分类 Cleaning Kits(1651) 没有匹配结果，错误信息：
分类 Steering Wheel Cover(1652) 匹配结果：4，查询用时：0.003
分类 Pedals & Pads(1656) 匹配结果：4，查询用时：0.003
分类 Car DVD Player For Honda(1665) 没有匹配结果，错误信息：
分类 Car PC DVD Players(1681) 没有匹配结果，错误信息：
分类 Electronic Gadgets(72) 匹配结果：68，查询用时：0.003
分类 Car DVR & Car Cameras(233) 匹配结果：80，查询用时：0.003
分类 Cables(339) 匹配结果：25，查询用时：0.003
分类 Surveillance Camera & Accessories(375) 匹配结果：47，查询用时：0.003
分类 Kids' Watches(415) 匹配结果：240，查询用时：0.003
分类 Electronics Gadgets(445) 匹配结果：8，查询用时：0.003
分类 GU10 LED Lighting(524) 匹配结果：63，查询用时：0.003
分类 NDS NDSL NDSI(586) 匹配结果：219，查询用时：0.003
分类 Fashion Jewelry(593) 匹配结果：654，查询用时：0.003
分类 E-book Reader & accessory(648) 匹配结果：33，查询用时：0.003
分类 Test Equipment(1654) 匹配结果：48，查询用时：0.003
分类 Decorative Stickers(1657) 匹配结果：20，查询用时：0.003
分类 GPS DVD Players(1662) 没有匹配结果，错误信息：
分类 Car DVD Player For Volkswagen(1666) 没有匹配结果，错误信息：
分类 Outdoors & Sports(107) 匹配结果：448，查询用时：0.003
分类 Smart Phones & PDA(248) 匹配结果：284，查询用时：0.003
分类 PSP(295) 匹配结果：149，查询用时：0.003
分类 Skins & Cases(340) 匹配结果：358，查询用时：0.003
分类 Walkie Talkies(376) 匹配结果：67，查询用时：0.003
分类 Pocket Watches(416) 匹配结果：246，查询用时：0.003
分类 MP5 Players(448) 匹配结果：100，查询用时：0.003
分类 MR16 LED Lighting(525) 匹配结果：47，查询用时：0.003
分类 Clock(539) 匹配结果：15，查询用时：0.003
分类 Handbags(594) 匹配结果：454，查询用时：0.003
分类 iPhone Cables(601) 匹配结果：84，查询用时：0.003
分类 Car Parts(1649) 匹配结果：23，查询用时：0.003
分类 Special In-Dash DVD Players(1661) 没有匹配结果，错误信息：
分类 Car DVD Player For Mazda(1667) 没有匹配结果，错误信息：
分类 iPhone & iPad & iPod(93) 匹配结果：1231，查询用时：0.003
分类 PSP1000/2000/3000(296) 匹配结果：135，查询用时：0.003
分类 Screen Protectors(342) 匹配结果：48，查询用时：0.003
分类 Couple Watches(417) 匹配结果：75，查询用时：0.003
分类 E14 LED Lighting(526) 匹配结果：43，查询用时：0.003
分类 Stationery(536) 匹配结果：468，查询用时：0.003
分类 Adapters & Chargers & Batteries(640) 匹配结果：37，查询用时：0.003
分类 Car Care(1650) 没有匹配结果，错误信息：
分类 Car DVD Player For KIA(1668) 没有匹配结果，错误信息：
分类 Computer Peripherals(86) 匹配结果：136，查询用时：0.003
分类 Car Charger(265) 匹配结果：28，查询用时：0.003
分类 headphones & Earphones(343) 没有匹配结果，错误信息：
分类 Other Watches(456) 匹配结果：67，查询用时：0.003
分类 More LED Lighting(527) 匹配结果：223，查询用时：0.003
分类 Pet Supplies(595) 匹配结果：141，查询用时：0.003
分类 Titanium Bracelet & Necklace(624) 匹配结果：138，查询用时：0.003
分类 Medical Instruments(1655) 匹配结果：7，查询用时：0.003
分类 Car DVD Player For HYUNDAI(1680) 没有匹配结果，错误信息：
分类 Cell Phone Accessories(89) 匹配结果：214，查询用时：0.003
分类 MP4 Players(170) 匹配结果：123，查询用时：0.003
分类 Digital Cameras Screen Protector(289) 匹配结果：7，查询用时：0.003
分类 Fashion Accessories(344) 匹配结果：346，查询用时：0.003
分类 Multifunction Tools(452) 匹配结果：43，查询用时：0.003
分类 Digital Cameras Flashes(495) 匹配结果：49，查询用时：0.003
分类 18650/17670 Battery(529) 匹配结果：25，查询用时：0.003
分类 Decoration Light(628) 匹配结果：429，查询用时：0.003
分类 Car Decorations(1646) 匹配结果：23，查询用时：0.003
分类 Home & Office(105) 匹配结果：204，查询用时：0.003
分类 Car Appliances(246) 匹配结果：17，查询用时：0.003
分类 Digital Cameras Filters(290) 匹配结果：141，查询用时：0.003
分类 Network IP Cameras(381) 匹配结果：13，查询用时：0.003
分类 Earphones(403) 匹配结果：45，查询用时：0.003
分类 Digital Picture Frames(407) 匹配结果：31，查询用时：0.003
分类 Digital Cameras Lenses/Accessories(496) 匹配结果：211，查询用时：0.003
分类 Other Battery & Rechargers(500) 匹配结果：45，查询用时：0.003
分类 Camera Detector(588) 匹配结果：1，查询用时：0.003
分类 Repair & Parts(597) 匹配结果：65，查询用时：0.003
分类 Unisex Watches(659) 匹配结果：528，查询用时：0.003
分类 MP3 Players(1647) 匹配结果：135，查询用时：0.003
分类 Car Gadgets(232) 匹配结果：325，查询用时：0.003
分类 WiFi Cell Phones(249) 匹配结果：594，查询用时：0.003
分类 Networking(304) 匹配结果：134，查询用时：0.003
分类 Hard Disk Drive player(406) 匹配结果：3，查询用时：0.003
分类 Baby Monitor & Alarm Systems(409) 匹配结果：126，查询用时：0.003
分类 Card MP3 Players(429) 没有匹配结果，错误信息：
分类 MID & UMPC(453) 匹配结果：277，查询用时：0.003
分类 Digital Cameras Cases/Protectors(497) 匹配结果：43，查询用时：0.003
分类 R/C Helicopters(506) 匹配结果：159，查询用时：0.003
分类 32GB USB Flash & Up(545) 匹配结果：141，查询用时：0.003
分类 iPhone Chargers & Batteries(600) 匹配结果：561，查询用时：0.003
分类 Cell Phone Holder(623) 匹配结果：27，查询用时：0.003
分类 Belts(653) 匹配结果：84，查询用时：0.003
分类 Car Electronics(63) 匹配结果：46，查询用时：0.003
分类 Wireless Cameras(383) 匹配结果：3，查询用时：0.003
分类 Digital Cameras Photography Tools(498) 匹配结果：133，查询用时：0.003
分类 LED Emitters & Modules(528) 匹配结果：146，查询用时：0.003
分类 MP5/MP4/MP3/Ebook Reader(1) 匹配结果：11，查询用时：0.003
分类 MP4 Accessories(140) 匹配结果：62，查询用时：0.003
分类 Surveillance DVR(384) 匹配结果：6，查询用时：0.003
分类 Batteries & Chargers(644) 匹配结果：363，查询用时：0.003
分类 LED Festival Lighting(650) 匹配结果：275，查询用时：0.003
分类 Watch Tools&Accessories(671) 匹配结果：49，查询用时：0.003
分类 Headphones(109) 匹配结果：102，查询用时：0.003
分类 Brand Flashlights(534) 匹配结果：45，查询用时：0.003
分类 Hot Watches(584) 匹配结果：31，查询用时：0.003
分类 Digital Voice Recorders(622) 匹配结果：26，查询用时：0.003
分类 USB Flash & Memory Cards(106) 匹配结果：36，查询用时：0.003
分类 Car Air Purifier(247) 匹配结果：1，查询用时：0.003
分类 Russian Keyboard Phones(649) 匹配结果：28，查询用时：0.003
分类 LED Ceiling Lights(1689) 没有匹配结果，错误信息：
分类 TV Cell Phones(181) 匹配结果：758，查询用时：0.003
分类 Sunglasses & Eyewears(554) 匹配结果：446，查询用时：0.003
分类 Clothing Accessories(116) 匹配结果：84，查询用时：0.003
分类 Car Tyre Pressure Meter(266) 匹配结果：4，查询用时：0.003
分类 Sports&3D Glasses / Goggles(567) 匹配结果：132，查询用时：0.003
分类 Cameras & Camcorders(34) 匹配结果：72，查询用时：0.003
分类 Car Perfume(267) 匹配结果：89，查询用时：0.003
分类 Surveillance Equipments(75) 没有匹配结果，错误信息：
分类 Travelling Goods(1653) 匹配结果：86，查询用时：0.003
分类 1GB  MP3 Player(100) 匹配结果：5，查询用时：0.003
分类 Cables & Converters(300) 匹配结果：368，查询用时：0.003
分类 16 GB USB Flash(315) 匹配结果：192，查询用时：0.003
分类 7 inch MID & UMPC(432) 匹配结果：175，查询用时：0.003
分类 QWERTY Cell Phones(504) 匹配结果：252，查询用时：0.003
分类 R/C Cars(507) 匹配结果：122，查询用时：0.003
分类 iPhone Screen Protectors(599) 匹配结果：40，查询用时：0.003
分类 Digital Scales(641) 匹配结果：64，查询用时：0.003
分类 Golf & Fishing & Swimming & Skiing(645) 匹配结果：288，查询用时：0.003
分类 Gloves(654) 匹配结果：67，查询用时：0.003
分类 Bicycling(571) 匹配结果：365，查询用时：0.003
分类 Exercise & Fitness(570) 匹配结果：231，查询用时：0.003
分类 Sportswear(1645) 匹配结果：37，查询用时：0.003
分类 Outdoor Multi-Tools(569) 匹配结果：241，查询用时：0.003
分类 Cell Phone Watch(183) 匹配结果：84，查询用时：0.003
分类 8-10.2 inch MID & UMPC(433) 匹配结果：101，查询用时：0.003
分类 R/C Boats(511) 匹配结果：10，查询用时：0.003
分类 8GB USB Flash(546) 匹配结果：241，查询用时：0.003
分类 Binoculars & Monoculars(574) 匹配结果：71，查询用时：0.003
分类 Mini Speakers(579) 匹配结果：331，查询用时：0.003
分类 Hats(655) 匹配结果：121，查询用时：0.003
分类 2GB MP3(1628) 没有匹配结果，错误信息：
分类 Quad Band Phones(182) 匹配结果：1172，查询用时：0.003
分类 Outdoors Bags/Cases(568) 匹配结果：109，查询用时：0.003
分类 Google Android 3.0 & 4.0 Series(1624) 匹配结果：99，查询用时：0.003
分类 Dual Band Phones(188) 匹配结果：145，查询用时：0.003
分类 4GB MP3 Player(195) 匹配结果：3，查询用时：0.003
分类 Google Android 2.1 & 2.2 Series(434) 匹配结果：92，查询用时：0.003
分类 Animation Figures(508) 匹配结果：378，查询用时：0.003
分类 4GB USB Flash(547) 匹配结果：233，查询用时：0.003
分类 Mice & Accessories(582) 匹配结果：192，查询用时：0.003
分类 Outdoor Gear(583) 匹配结果：158，查询用时：0.003
分类 Wigs(656) 匹配结果：228，查询用时：0.003
分类 SSC LED Flashlights(521) 匹配结果：22，查询用时：0.003
分类 SST LED Flashlights(522) 匹配结果：37，查询用时：0.003
分类 More LED Flashlights(523) 匹配结果：177，查询用时：0.003
分类 Brand Phones(505) 匹配结果：34，查询用时：0.003
分类 Camping Lights & Lanterns(573) 匹配结果：44，查询用时：0.003
分类 8GB  MP3 Player(211) 没有匹配结果，错误信息：
分类 Memory Card Readers(309) 匹配结果：41，查询用时：0.003
分类 Puzzle & Educational(509) 匹配结果：686，查询用时：0.003
分类 2GB USB Flash & Under(548) 匹配结果：264，查询用时：0.003
分类 Protective Masks(562) 匹配结果：60，查询用时：0.003
分类 Google Android 2.3 Series(585) 匹配结果：74，查询用时：0.003
分类 USB Gadgets(647) 匹配结果：63，查询用时：0.003
分类 Scarves/Cape(657) 匹配结果：304，查询用时：0.003
分类 Combat Helmets/Headlamps(566) 匹配结果：27，查询用时：0.003
分类 MP3 Watches(162) 没有匹配结果，错误信息：
分类 PC Webcams(305) 匹配结果：106，查询用时：0.002
分类 TF/MicroSD Cards(313) 匹配结果：17，查询用时：0.002
分类 Notebook(421) 匹配结果：21，查询用时：0.002
分类 Mechanical & Vehicles(510) 匹配结果：30，查询用时：0.002
分类 Protective Caps & Hats/Gloves/Belts(560) 匹配结果：264，查询用时：0.002
分类 iPhone Stands(603) 匹配结果：54，查询用时：0.002
分类 16340/CR123A Battery(530) 匹配结果：6，查询用时：0.002
分类 AA/14500 Battery(531) 匹配结果：18，查询用时：0.002
分类 AAA/10440 Battery(532) 匹配结果：16，查询用时：0.002
分类 Button Cell/Battery Pack(533) 匹配结果：80，查询用时：0.002
分类 Wireless Mice(401) 匹配结果：86，查询用时：0.002
分类 Bluetooth Adapters(299) 匹配结果：6，查询用时：0.002
分类 MP3 Sunglasses(405) 匹配结果：3，查询用时：0.002
分类 Solar Gadgets(512) 匹配结果：11，查询用时：0.002
分类 SD/SDHC Cards(541) 匹配结果：15，查询用时：0.002
分类 iPhone Stylus Pens(604) 匹配结果：34，查询用时：0.002
分类 Outdoor Sport Camera(1623) 匹配结果：10，查询用时：0.002
分类 Special Price Phones(270) 匹配结果：87，查询用时：0.002
分类 HDD&HDMI Products(307) 匹配结果：86，查询用时：0.002
分类 MS/Memory Stick M2 Cards(311) 匹配结果：6，查询用时：0.002
分类 China MID & UMPC Accessories(435) 匹配结果：94，查询用时：0.002
分类 Torches & Flashlights(555) 匹配结果：64，查询用时：0.002
分类 Trick Toys(580) 匹配结果：221，查询用时：0.002
分类 iPhone Parts & Repair(605) 匹配结果：45，查询用时：0.003
分类 Gifts(1621) 匹配结果：1188，查询用时：0.003
分类 Keyboards & Accessories(301) 匹配结果：44，查询用时：0.003
分类 Mini SD Cards(312) 匹配结果：3，查询用时：0.003
分类 Plush Toys(513) 匹配结果：249，查询用时：0.003
分类 Stage Show Lasers(518) 匹配结果：1，查询用时：0.003
分类 iPhone Gadgets(606) 匹配结果：177，查询用时：0.003
分类 Hot Outdoor Products(642) 匹配结果：191，查询用时：0.003
分类 Hot Sport Products(643) 匹配结果：76，查询用时：0.003
分类 Video Games Accessories(85) 匹配结果：27，查询用时：0.003
分类 Lasers & Flashlights(91) 匹配结果：302，查询用时：0.003
分类 USB Hubs(282) 匹配结果：147，查询用时：0.003
分类 CF/XD Cards(314) 匹配结果：8，查询用时：0.003
分类 Wireless Presenters(359) 匹配结果：3，查询用时：0.003
分类 Other Toys(514) 匹配结果：499，查询用时：0.003
分类 Specials MID & UMPC(621) 匹配结果：25，查询用时：0.003
分类 Card Readers & Adapters(310) 匹配结果：46，查询用时：0.003
分类 Tools & Accessories(515) 没有匹配结果，错误信息：
分类 PCI-E Cards(540) 匹配结果：43，查询用时：0.003
分类 Portable Projectors(550) 匹配结果：4，查询用时：0.003
分类 iPad Screen Protectors(608) 匹配结果：11，查询用时：0.003
分类 LED Keychains and Others(358) 匹配结果：106，查询用时：0.003
分类 iPad Chargers & Batteries(609) 匹配结果：111，查询用时：0.002
分类 iPad Cables(610) 匹配结果：6，查询用时：0.002
分类 iPad Stands(611) 匹配结果：31，查询用时：0.002
分类 iPad Stylus Pens(612) 匹配结果：14，查询用时：0.002
分类 iPad Parts & Repair(613) 匹配结果：1，查询用时：0.002
分类 iPad Gadgets(614) 匹配结果：89，查询用时：0.002
分类 iPod  Cases & Skins(394) 匹配结果：139，查询用时：0.002
分类 iPod Screen Protectors(615) 匹配结果：1，查询用时：0.002
分类 iPod Chargers & Batteries(616) 匹配结果：106，查询用时：0.002
分类 iPod Cables(617) 匹配结果：17，查询用时：0.002
分类 Cooling Pads(553) 匹配结果：11，查询用时：0.002
分类 iPod Earphones & Speakers(618) 匹配结果：11，查询用时：0.002
分类 Laptop Adapters(551) 匹配结果：19，查询用时：0.002
分类 iPod Parts & Repair(619) 匹配结果：13，查询用时：0.002
分类 Laptop Batteries(552) 匹配结果：72，查询用时：0.002
分类 iPod Gadgets(620) 匹配结果：57，查询用时：0.002
分类 Mac Accessories(581) 匹配结果：20，查询用时：0.002
分类 Laptop Accessories(302) 匹配结果：92，查询用时：0.002
执行结束，用时27.724094s